# Logfile created on 2013-08-14 08:52:27 +0700 by logger.rb/36483
zo day cung
zo day cung
zo day cung
https://s3.amazonaws.com/Tudli/19-download_%281%29.jpg?AWSAccessKeyId=AKIAIGBEVLRRFXUUNFGQ&Expires=1376449088&Signature=Uu3ZRI5swMccrNlyjFccsLvVEIY%3D 123
false
https://s3.amazonaws.com/Tudli/19-download_%281%29.jpg?AWSAccessKeyId=AKIAIGBEVLRRFXUUNFGQ&Expires=1376449165&Signature=X3YDWnDKNnAfb5r8m1bG6Eo2G9A%3D 123
false
https://s3.amazonaws.com/Tudli/12319-download_%281%29.jpg?AWSAccessKeyId=AKIAIGBEVLRRFXUUNFGQ&Expires=1376449190&Signature=a3e7fCTQFm%2FJ1LDR3%2BttLkRKLLc%3D 123
false
false
false
false
false
false
false
false
false
false
false
false
false
false
false
false
false
false
false
false
false
false
false
false
false
false
false
false
false
false
false
false
false
false
false
false
false
false
false
false
false
false
false
false
false
false
false
false
false
false
false
false
false
false
false
false
false
false
false
false
false
false
false
false
false
false
false
false
false
false
false
false
false
false
false
false
false
false
false
false
false
false
false
false
false
false
false
false
false
false
false
false
false
false
false
false
false
false
false
false
false
false
false
false
false
false
false
false
false
false
false
false
false
false
false
false
false
false
false
false
false
false
false
false
false
false
false
false
false
false
false
false
false
false
false
false
false
false
false
false
false
false
false
false
false
false
false
false
false
false
false
false
false
false
false
false
false
false
false
false
false
false
false
false
false
false
false
false
false
false
false
false
false
false
false
false
false
false
false
false
false
false
false
false
false
false
false
false
false
false
false
false
false
false
false
false
false
false
false
false
false
false
false
false
false
false
false
false
false
false
false
false
false
false
false
false
false
false
false
false
false
false
false
false
false
false
false
false
false
false
false
false
false
false
false
false
false
false
false
false
false
false
false
false
false
false
false
false
false
false
false
false
false
false
false
false
false
false
false
false
false
false
false
false
false
false
false
false
false
false
false
false
false
false
false
false
false
